#
# A fatal error has been detected by the Java Runtime Environment:
#
#  EXCEPTION_ACCESS_VIOLATION (0xc0000005) at pc=0x0000000058483777, pid=109720, tid=0x0000000000044a9c
#
# JRE version: Java(TM) SE Runtime Environment (8.0_102-b14) (build 1.8.0_102-b14)
# Java VM: Java HotSpot(TM) 64-Bit Server VM (25.102-b14 mixed mode windows-amd64 compressed oops)
# Problematic frame:
# V  [jvm.dll+0x213777]
#
# Failed to write core dump. Minidumps are not enabled by default on client versions of Windows
#
# If you would like to submit a bug report, please visit:
#   http://bugreport.java.com/bugreport/crash.jsp
#

---------------  T H R E A D  ---------------

Current thread (0x000000113a179800):  JavaThread "Thread-63019" [_thread_in_vm, id=281244, stack(0x000000118f800000,0x000000118f900000)]

siginfo: ExceptionCode=0xc0000005, writing address 0x000000118f8f94e0

Registers:
RAX=0x000000118f8f94e0, RBX=0x0000000000000007, RCX=0x0000000000006000, RDX=0x0000000000000006
RSP=0x000000118f8ff4e0, RBP=0x0000000000000000, RSI=0x000000118f8ff4e0, RDI=0x0000000000000007
R8 =0x0000000000000006, R9 =0x000000113a15d4f0, R10=0x000000001bd2d470, R11=0x000000118f80a148
R12=0x000000113a15d4f0, R13=0x000000113a179800, R14=0x000000118f8ff5a8, R15=0x000000001bd2d470
RIP=0x0000000058483777, EFLAGS=0x0000000000010202

Top of Stack: (sp=0x000000118f8ff4e0)
0x000000118f8ff4e0:   00004824f1695e2d 000000005a14f4d0
0x000000118f8ff4f0:   000000113a179800 000000113a15d4f0
0x000000118f8ff500:   00000000ffffffff 00000000584846a7
0x000000118f8ff510:   000000118f8ff610 000000001bd2d470
0x000000118f8ff520:   000000113a179800 0000000058330183
0x000000118f8ff530:   000000118f8ff570 000000113a179800
0x000000118f8ff540:   000000118f8ff600 000000113a179800
0x000000118f8ff550:   000000001bd2d470 000000113a179800
0x000000118f8ff560:   0000000002ca6e60 000000113a179800
0x000000118f8ff570:   000000001bd2d470 000000113a179800
0x000000118f8ff580:   000000001bd2d470 000000113a179800
0x000000118f8ff590:   0000000000000001 000000001bd2d470
0x000000118f8ff5a0:   000000113a179800 000000113a0e14d0
0x000000118f8ff5b0:   000000113a179800 000000005833166d
0x000000118f8ff5c0:   000000118f8ff8c8 00000007c00069a0
0x000000118f8ff5d0:   00000007c00069a0 0000000000000001 

Instructions: (pc=0x0000000058483777)
0x0000000058483757:   48 89 6c 24 30 33 ed 66 90 e8 ab 38 08 00 ff c3
0x0000000058483767:   48 63 c8 48 8b c6 48 0f af cf 48 ff c7 48 2b c1
0x0000000058483777:   89 28 48 63 c3 48 3b 05 55 0f 59 00 7e db 48 8b
0x0000000058483787:   6c 24 30 48 8b 5c 24 38 48 8b 74 24 40 48 83 c4 


Register to memory mapping:

RAX=0x000000118f8f94e0 is pointing into the stack for thread: 0x000000113a179800
RBX=0x0000000000000007 is an unknown value
RCX=0x0000000000006000 is an unknown value
RDX=0x0000000000000006 is an unknown value
RSP=0x000000118f8ff4e0 is pointing into the stack for thread: 0x000000113a179800
RBP=0x0000000000000000 is an unknown value
RSI=0x000000118f8ff4e0 is pointing into the stack for thread: 0x000000113a179800
RDI=0x0000000000000007 is an unknown value
R8 =